2017-03-08 17:56:54.082 : Bridge Scorer Control v3.0.111 
2017-03-08 17:56:54.082 : Trace level: 0
2017-03-08 17:56:54.082 : Command line argument:/f:[C:\Users\Grzegorz Gardynik\inwitofitka.github.io\170308\170308szkola.bws]
2017-03-08 17:56:54.082 : Score database:C:\Users\Grzegorz Gardynik\inwitofitka.github.io\170308\170308szkola.bws
2017-03-08 17:56:54.082 : BOS path:C:\BOS\
2017-03-08 17:56:54.082 : Registry key, bscpath:C:\BOS\Events\17.03.08 szkola\DUMP\path.bsc
2017-03-08 17:56:54.082 : DupSoft path:C:\BOS\dupsoft\
2017-03-08 17:56:54.082 : Handrecords path:C:\BOS\handrecords\
2017-03-08 17:56:54.082 : Events path:C:\BOS\events\
2017-03-08 17:56:54.082 : Event name:17.03.08 szkola
2017-03-08 17:56:54.082 : Event path:C:\BOS\events\17.03.08 szkola\
2017-03-08 17:56:54.082 : Event data path:C:\BOS\events\17.03.08 szkola\data\
2017-03-08 17:56:54.082 : Event dump path:C:\BOS\events\17.03.08 szkola\dump\
2017-03-08 17:56:54.082 : BridgePad path:C:\Program Files\Bridgepad\Bridgepad.exe
2017-03-08 17:56:54.082 : Bridgemate path:C:\Program Files\Bridgemate Pro\BMPro.exe
2017-03-08 17:56:54.082 : Language for Help file:pl
2017-03-08 17:56:54.121 : Database open succeed
2017-03-08 17:56:54.146 : Score database structure: ok
2017-03-08 17:56:54.232 : Score database intergation: ok
2017-03-08 17:56:54.232 : Table BiddingData found
2017-03-08 17:56:54.232 : Table Clients found
2017-03-08 17:56:54.232 : Table HandRecord found
2017-03-08 17:56:54.232 : Table IntermediateData found
2017-03-08 17:56:54.232 : Table PlayData not found
2017-03-08 17:56:54.232 : Table PlayerNumbers found
2017-03-08 17:56:54.232 : Table ReceivedData found
2017-03-08 17:56:54.232 : Table RoundData found
2017-03-08 17:56:54.232 : Table Section found
2017-03-08 17:56:54.232 : Table Settings found
2017-03-08 17:56:54.232 : Table Tables found
2017-03-08 17:56:54.232 : Table PlayerNames not found
2017-03-08 17:56:54.257 : Score database data verification: ok
2017-03-08 17:56:54.257 : Create Game Settings structure
2017-03-08 17:56:54.257 : 49 fields created
2017-03-08 17:56:54.265 : Load settings from BWS
2017-03-08 17:56:54.266 : Game first open: load default game settings
2017-03-08 17:56:54.276 : bs Interface type: 0
2017-03-08 17:56:54.276 : bs Reset Wait time: 10s
2017-03-08 17:56:54.276 : bs Max idle for no activity: 255 min
2017-03-08 17:56:54.276 : bs Max idle for No RX: 255 min
2017-03-08 17:56:54.276 : bs Time out: 1500ms
2017-03-08 17:56:54.276 : bs Tx interval: 150ms
2017-03-08 17:56:54.302 : Load UI text from file, C:\BOS\BridgeScorer\UILang_EN.txt (Import UI text)
2017-03-08 17:56:54.304 : Language file empty/missing, load default texts (Import UI text)
2017-03-08 17:56:54.304 : Lines read 283 (Import UI text)
2017-03-08 17:56:54.305 : UI text loaded with line, 282 (Import UI text)
2017-03-08 17:56:54.314 : Deal file found: C:\BOS\Events\17.03.08 szkola\DUMP\path.bsc
2017-03-08 17:57:01.439 : Check player numbers entries
2017-03-08 17:57:01.441 : Board result received: 0
2017-03-08 17:57:01.461 : Initialize stanza for A: 1,5 (main)
2017-03-08 17:57:01.461 : Load section data into memory
2017-03-08 17:57:01.476 : 1 section data loaded (loadsectiondata)
2017-03-08 17:57:01.476 : Load movement data into memory
2017-03-08 17:57:01.482 : 15 movement data loaded (loadrounddata)
2017-03-08 17:57:01.482 : 6 players identified from movement data (loadrounddata)
2017-03-08 17:57:02.552 : Load player name list from file (Import player name)
2017-03-08 17:57:02.555 : File input compeleted (Import player name)
2017-03-08 17:57:02.585 : Lines read 18647 (Import player name)
2017-03-08 17:57:02.760 : Player name loaded. (Import player name)
2017-03-08 17:57:04.765 : Check game data
2017-03-08 17:57:04.798 : Setup grid (cboSection)
2017-03-08 17:57:04.812 : Setup grid completed (cboSection)
2017-03-08 17:57:04.820 : Setup grid (cboSection)
2017-03-08 17:57:04.828 : Setup grid completed (cboSection)
2017-03-08 17:57:04.836 : Player name list from database: 0
2017-03-08 17:57:04.836 : Player name list from file: 18647
2017-03-08 17:57:04.836 : Merge player name list from database and file
2017-03-08 17:57:04.841 : Sorting player name by QuickSort
2017-03-08 17:57:04.861 : Checking name search performance
2017-03-08 17:57:04.861 : Search time: 0ms (Time_SearchPlayer)
2017-03-08 17:57:04.861 : Player name list in memory: 18647
2017-03-08 17:57:04.862 : Process Queue is stop.
2017-03-08 17:57:05.423 : Start game.
2017-03-08 17:57:05.499 : Player name list from database: 0
2017-03-08 17:57:05.499 : Player name list from file: 18647
2017-03-08 17:57:05.499 : Merge player name list from database and file
2017-03-08 17:57:05.504 : Sorting player name by QuickSort
2017-03-08 17:57:05.525 : Checking name search performance
2017-03-08 17:57:05.525 : Search time: 0ms (Time_SearchPlayer)
2017-03-08 17:57:05.525 : Player name list in memory: 18647
2017-03-08 17:57:05.527 : Check game data
2017-03-08 17:57:05.539 : Preload movement message data from memory
2017-03-08 17:57:05.548 : Setup grid (cboSection)
2017-03-08 17:57:05.553 : Setup grid completed (cboSection)
2017-03-08 17:57:05.559 : Load data to grid (cboView)
2017-03-08 17:57:05.582 : Load data to grid compeleted (cboView)
2017-03-08 17:57:05.584 : Process Queue is reset and ready.
2017-03-08 17:57:05.593 : Execute command: C:\BOS\BridgeScorer\preventsleep.exe
2017-03-08 17:58:05.594 : Check game data
2017-03-08 17:59:04.256 : RX <= FF 28 3B 03 0A 05 00 00 75
2017-03-08 17:59:04.263 : Do message, 1, msg:2017-03-08 17:59:04.226, now:2017-03-08 17:59:04.263, time delay: 37 (doQueue)
2017-03-08 17:59:04.267 : register TBS 10299 of v5
2017-03-08 17:59:04.278 : TX => FF 28 3B 03 0B 01 01 00 73
2017-03-08 17:59:05.594 : Check game data
2017-03-08 17:59:05.843 : RX <= FF 28 3B 05 18 01 01 05 00 00 87
2017-03-08 17:59:05.843 : Do message, 2, msg:2017-03-08 17:59:05.800, now:2017-03-08 17:59:05.843, time delay: 43 (doQueue)
2017-03-08 17:59:05.853 : message from (10299, v5)
2017-03-08 17:59:05.864 : Check board for A on table with TBS, round 1 to 5: 0/0 (DB_check_BoardResult)
2017-03-08 17:59:05.865 : Get movement data from memory
2017-03-08 17:59:05.868 : Login Table A1
2017-03-08 17:59:05.874 : Mark Table and TBS
2017-03-08 17:59:05.882 : 10299 mapped to A1 (mark TBS mapping)
2017-03-08 17:59:05.890 : Get game settings data
2017-03-08 17:59:05.898 : TX => FF 28 3B 30 19 11 03 59 AF FD 00 00 00 07 E1 03 08 11 3B 05 04 1F 01 02 01 3E 01 02 01 04 05 3E 01 02 01 06 09 3E 01 02 01 05 0D 3E 01 02 01 03 11 3E 00 00 05 B4
2017-03-08 17:59:06.157 : RX <= FF 28 3B 01 0C 00 70
2017-03-08 17:59:06.174 : Do message, 3, msg:2017-03-08 17:59:06.140, now:2017-03-08 17:59:06.174, time delay: 34 (doQueue)
2017-03-08 17:59:06.187 : message from A1(10299, v5)
2017-03-08 17:59:06.195 : Check board for A on table with TBS, round 1 to 5: 0/20 (DB_check_BoardResult)
2017-03-08 17:59:06.199 : Lock table association: A1
2017-03-08 17:59:06.202 : A1: movement data received (doMsg)
2017-03-08 17:59:06.220 : RX <= FF 28 3B 05 3C 01 02 00 00 00 A7
2017-03-08 17:59:06.221 : Do message, 4, msg:2017-03-08 17:59:06.197, now:2017-03-08 17:59:06.220, time delay: 23 (doQueue)
2017-03-08 17:59:06.233 : message from A1(10299, v5)
2017-03-08 17:59:06.242 : Check board for A on table with TBS, round 1 to 5: 0/20 (DB_check_BoardResult)
2017-03-08 17:59:06.251 : Get seating name: ,N,n/a
2017-03-08 17:59:06.251 : Get seating name: ,E,n/a
2017-03-08 17:59:06.251 : Get seating name: ,S,n/a
2017-03-08 17:59:06.251 : Get seating name: ,W,n/a
2017-03-08 17:59:06.252 : TX => FF 28 3B 52 3D 50 6E 2F 61 00 00 00 00 00 00 00 00 00 00 00 00 00 00 00 00 00 6E 2F 61 00 00 00 00 00 00 00 00 00 00 00 00 00 00 00 00 00 6E 2F 61 00 00 00 00 00 00 00 00 00 00 00 00 00 00 00 00 00 6E 2F 61 00 00 00 00 00 00 00 00 00 00 00 00 00 00 00 00 00 05 3A
2017-03-08 17:59:25.139 : RX <= FF 28 3B 19 28 FF FF FF FF FF FF FF FF FF F1 31 47 FF FF FF FF FF FF FF FF FF FF FF FF 16 F8
2017-03-08 17:59:25.139 : Do message, 5, msg:2017-03-08 17:59:25.080, now:2017-03-08 17:59:25.139, time delay: 59 (doQueue)
2017-03-08 17:59:25.143 : message from A1(10299, v5)
2017-03-08 17:59:25.146 : Check board for A on table with TBS, round 1 to 5: 0/20 (DB_check_BoardResult)
2017-03-08 17:59:25.149 : Mark player ID
2017-03-08 17:59:25.150 : Mark player ID
2017-03-08 17:59:25.153 : Mark player ID
2017-03-08 17:59:25.154 : Mark player ID
2017-03-08 17:59:25.158 : Load registered name to memory, 4 (AnalyzeGameDB)
2017-03-08 17:59:25.160 : TX => FF 28 3B 59 29 00 00 6E 2F 61 00 00 00 00 00 00 00 00 00 00 00 00 00 00 00 00 00 00 00 42 61 72 74 6F 73 7A 20 C6 77 69 65 6B 00 00 00 00 00 00 00 00 00 6E 2F 61 00 00 00 00 00 00 00 00 00 00 00 00 00 00 00 00 00 00 00 6E 2F 61 00 00 00 00 00 00 00 00 00 00 00 00 00 00 00 00 00 09 5A
2017-03-08 17:59:37.063 : RX <= FF 28 3B 19 28 FF FF FF FF FF FF FF FF FF F1 31 47 FF FF FF FF 0D 05 FF FF FF FF FF FF 15 0C
2017-03-08 17:59:37.079 : Do message, 6, msg:2017-03-08 17:59:37.012, now:2017-03-08 17:59:37.079, time delay: 67 (doQueue)
2017-03-08 17:59:37.092 : message from A1(10299, v5)
2017-03-08 17:59:37.100 : Check board for A on table with TBS, round 1 to 5: 0/20 (DB_check_BoardResult)
2017-03-08 17:59:37.108 : Player ID registered at A 1E (getPlayerIDSeat)
2017-03-08 17:59:37.114 : Mark player ID
2017-03-08 17:59:37.118 : Mark player ID
2017-03-08 17:59:37.123 : Mark player ID
2017-03-08 17:59:37.127 : Mark player ID
2017-03-08 17:59:37.135 : Load registered name to memory, 4 (AnalyzeGameDB)
2017-03-08 17:59:37.138 : TX => FF 28 3B 59 29 00 00 6E 2F 61 00 00 00 00 00 00 00 00 00 00 00 00 00 00 00 00 00 00 00 42 61 72 74 6F 73 7A 20 C6 77 69 65 6B 00 00 00 00 00 00 00 00 00 47 72 7A 65 67 6F 72 7A 20 47 61 72 64 79 6E 69 6B 00 00 00 00 00 6E 2F 61 00 00 00 00 00 00 00 00 00 00 00 00 00 00 00 00 00 0F 0F
2017-03-08 17:59:42.736 : RX <= FF 28 3C 03 0A 05 00 00 76
2017-03-08 17:59:42.751 : Do message, 7, msg:2017-03-08 17:59:42.704, now:2017-03-08 17:59:42.751, time delay: 47 (doQueue)
2017-03-08 17:59:42.763 : register TBS 10300 of v5
2017-03-08 17:59:42.768 : TX => FF 28 3C 03 0B 01 01 00 74
2017-03-08 17:59:43.656 : RX <= FF 28 3B 19 28 FF FF FF F1 4C 5C FF FF FF F1 31 47 FF FF FF FF 0D 05 FF FF FF FF FF FF 13 A8
2017-03-08 17:59:43.657 : Do message, 8, msg:2017-03-08 17:59:43.619, now:2017-03-08 17:59:43.657, time delay: 38 (doQueue)
2017-03-08 17:59:43.669 : message from A1(10299, v5)
2017-03-08 17:59:43.677 : Check board for A on table with TBS, round 1 to 5: 0/20 (DB_check_BoardResult)
2017-03-08 17:59:43.687 : Player ID registered at A 1E (getPlayerIDSeat)
2017-03-08 17:59:43.689 : Player ID registered at A 1S (getPlayerIDSeat)
2017-03-08 17:59:43.690 : Mark player ID
2017-03-08 17:59:43.693 : Mark player ID
2017-03-08 17:59:43.696 : Mark player ID
2017-03-08 17:59:43.700 : Mark player ID
2017-03-08 17:59:43.705 : Load registered name to memory, 4 (AnalyzeGameDB)
2017-03-08 17:59:43.708 : TX => FF 28 3B 59 29 00 00 41 6E 6E 61 20 4E 6F BF 79 F1 73 6B 61 00 00 00 00 00 00 00 00 00 42 61 72 74 6F 73 7A 20 C6 77 69 65 6B 00 00 00 00 00 00 00 00 00 47 72 7A 65 67 6F 72 7A 20 47 61 72 64 79 6E 69 6B 00 00 00 00 00 6E 2F 61 00 00 00 00 00 00 00 00 00 00 00 00 00 00 00 00 00 13 D4
2017-03-08 17:59:49.205 : RX <= FF 28 3C 05 18 01 02 05 00 00 89
2017-03-08 17:59:49.205 : RX <= FF 28 3C 05 18 01 02 05 00 00 89
2017-03-08 17:59:49.221 : Do message, 9, msg:2017-03-08 17:59:44.902, now:2017-03-08 17:59:49.221, time delay: 4319 (doQueue)
2017-03-08 17:59:49.221 sys-err3001 Timeout, message dropped: 18 01 02 05 00 (ProcessQueue - doMsg)
2017-03-08 17:59:49.221 Flush previous log buffer
